<?xml version="1.0" encoding="UTF-8"?>
<!-- Generated by org.testng.reporters.JUnitXMLReporter -->
<testsuite hostname="LAPTOP-GJ7LJN7E" ignored="0" tests="0" failures="0" timestamp="26 Jan 2024 18:49:08 GMT" time="0.111" errors="0">
  <testcase name="@BeforeTest setUp" time="0.0" classname="com.test.techChallenge.BaseTest">
    <failure type="org.testng.TestNGException" message="
Parameter &amp;apos;browser&amp;apos; is required by BeforeTest on method setUp but has not been marked @Optional or defined
">
      <![CDATA[org.testng.TestNGException: 
Parameter 'browser' is required by BeforeTest on method setUp but has not been marked @Optional or defined

... Removed 31 stack frames]]>
    </failure>
  </testcase> <!-- @BeforeTest setUp -->
  <testcase name="@AfterTest tearDown" time="0.0" classname="com.test.techChallenge.BaseTest">
    <skipped/>
  </testcase> <!-- @AfterTest tearDown -->
</testsuite>
